22-Jul-2018 23:15:31.410 INFO [http-nio-8090-exec-8] org.apache.catalina.core.ApplicationContext.log Manager: init: Associated with Deployer 'Catalina:type=Deployer,host=localhost'
22-Jul-2018 23:15:31.410 INFO [http-nio-8090-exec-8] org.apache.catalina.core.ApplicationContext.log Manager: init: Global resources are available
22-Jul-2018 23:15:31.411 INFO [http-nio-8090-exec-8] org.apache.catalina.core.ApplicationContext.log Manager: list: Listing contexts for virtual host 'localhost'
22-Jul-2018 23:15:31.415 INFO [http-nio-8090-exec-9] org.apache.catalina.core.ApplicationContext.log Manager: deploy: Deploying web application '/webapp'
22-Jul-2018 23:15:31.415 INFO [http-nio-8090-exec-9] org.apache.catalina.core.ApplicationContext.log Manager: Uploading WAR file to /Users/magdalena/Desktop/JenkinsTest/maven-project/server/src/main/java/com/example/apache-tomcat-8.5.32/webapps/webapp.war
22-Jul-2018 23:18:24.116 INFO [http-nio-8090-exec-8] org.apache.catalina.core.ApplicationContext.log Manager: init: Associated with Deployer 'Catalina:type=Deployer,host=localhost'
22-Jul-2018 23:18:24.116 INFO [http-nio-8090-exec-8] org.apache.catalina.core.ApplicationContext.log Manager: init: Global resources are available
22-Jul-2018 23:18:24.117 INFO [http-nio-8090-exec-8] org.apache.catalina.core.ApplicationContext.log Manager: list: Listing contexts for virtual host 'localhost'
22-Jul-2018 23:18:24.120 INFO [http-nio-8090-exec-9] org.apache.catalina.core.ApplicationContext.log Manager: list: Listing contexts for virtual host 'localhost'
22-Jul-2018 23:18:24.122 INFO [http-nio-8090-exec-10] org.apache.catalina.core.ApplicationContext.log Manager: undeploy: Undeploying web application at '/webapp'
22-Jul-2018 23:18:24.636 INFO [http-nio-8090-exec-3] org.apache.catalina.core.ApplicationContext.log Manager: deploy: Deploying web application '/webapp'
22-Jul-2018 23:18:24.636 INFO [http-nio-8090-exec-3] org.apache.catalina.core.ApplicationContext.log Manager: Uploading WAR file to /Users/magdalena/Desktop/JenkinsTest/maven-project/server/src/main/java/com/example/apache-tomcat-8.5.32/webapps/webapp.war
22-Jul-2018 23:20:23.631 INFO [http-nio-8090-exec-12] org.apache.catalina.core.ApplicationContext.log Manager: list: Listing contexts for virtual host 'localhost'
22-Jul-2018 23:20:23.633 INFO [http-nio-8090-exec-13] org.apache.catalina.core.ApplicationContext.log Manager: list: Listing contexts for virtual host 'localhost'
22-Jul-2018 23:20:23.636 INFO [http-nio-8090-exec-14] org.apache.catalina.core.ApplicationContext.log Manager: undeploy: Undeploying web application at '/webapp'
22-Jul-2018 23:20:24.154 INFO [http-nio-8090-exec-12] org.apache.catalina.core.ApplicationContext.log Manager: deploy: Deploying web application '/webapp'
22-Jul-2018 23:20:24.154 INFO [http-nio-8090-exec-12] org.apache.catalina.core.ApplicationContext.log Manager: Uploading WAR file to /Users/magdalena/Desktop/JenkinsTest/maven-project/server/src/main/java/com/example/apache-tomcat-8.5.32/webapps/webapp.war
22-Jul-2018 23:22:54.953 INFO [http-nio-8090-exec-21] org.apache.catalina.core.ApplicationContext.log Manager: list: Listing contexts for virtual host 'localhost'
22-Jul-2018 23:22:54.956 INFO [http-nio-8090-exec-22] org.apache.catalina.core.ApplicationContext.log Manager: list: Listing contexts for virtual host 'localhost'
22-Jul-2018 23:22:54.957 INFO [http-nio-8090-exec-23] org.apache.catalina.core.ApplicationContext.log Manager: undeploy: Undeploying web application at '/webapp'
22-Jul-2018 23:22:55.482 INFO [http-nio-8090-exec-21] org.apache.catalina.core.ApplicationContext.log Manager: deploy: Deploying web application '/webapp'
22-Jul-2018 23:22:55.482 INFO [http-nio-8090-exec-21] org.apache.catalina.core.ApplicationContext.log Manager: Uploading WAR file to /Users/magdalena/Desktop/JenkinsTest/maven-project/server/src/main/java/com/example/apache-tomcat-8.5.32/webapps/webapp.war
22-Jul-2018 23:30:43.550 INFO [http-nio-8090-exec-27] org.apache.catalina.core.ApplicationContext.log Manager: list: Listing contexts for virtual host 'localhost'
22-Jul-2018 23:30:43.553 INFO [http-nio-8090-exec-28] org.apache.catalina.core.ApplicationContext.log Manager: list: Listing contexts for virtual host 'localhost'
22-Jul-2018 23:30:43.554 INFO [http-nio-8090-exec-29] org.apache.catalina.core.ApplicationContext.log Manager: undeploy: Undeploying web application at '/webapp'
22-Jul-2018 23:30:44.070 INFO [http-nio-8090-exec-36] org.apache.catalina.core.ApplicationContext.log Manager: deploy: Deploying web application '/webapp'
22-Jul-2018 23:30:44.070 INFO [http-nio-8090-exec-36] org.apache.catalina.core.ApplicationContext.log Manager: Uploading WAR file to /Users/magdalena/Desktop/JenkinsTest/maven-project/server/src/main/java/com/example/apache-tomcat-8.5.32/webapps/webapp.war
22-Jul-2018 23:35:05.601 INFO [http-nio-8090-exec-36] org.apache.catalina.core.ApplicationContext.log Manager: list: Listing contexts for virtual host 'localhost'
22-Jul-2018 23:35:05.602 INFO [http-nio-8090-exec-37] org.apache.catalina.core.ApplicationContext.log Manager: list: Listing contexts for virtual host 'localhost'
22-Jul-2018 23:35:05.604 INFO [http-nio-8090-exec-38] org.apache.catalina.core.ApplicationContext.log Manager: undeploy: Undeploying web application at '/webapp'
22-Jul-2018 23:35:06.116 INFO [http-nio-8090-exec-37] org.apache.catalina.core.ApplicationContext.log Manager: deploy: Deploying web application '/webapp'
22-Jul-2018 23:35:06.116 INFO [http-nio-8090-exec-37] org.apache.catalina.core.ApplicationContext.log Manager: Uploading WAR file to /Users/magdalena/Desktop/JenkinsTest/maven-project/server/src/main/java/com/example/apache-tomcat-8.5.32/webapps/webapp.war
